# JRE version: OpenJDK Runtime Environment Temurin-17.0.17+10 (17.0.17+10) (build 17.0.17+10)
# Java VM: OpenJDK 64-Bit Server VM Temurin-17.0.17+10 (17.0.17+10, mixed mode, sharing, tiered, compressed oops, compressed class ptrs, g1 gc, windows-amd64)
GC Precious Log:
 CPUs: 8 total, 8 available
 Memory: 16088M
 Large Page Support: Disabled
 NUMA Support: Disabled
 Compressed Oops: Enabled (Zero based)
 Heap Region Size: 4M
 Heap Min Capacity: 8M
 Heap Initial Capacity: 252M
 Heap Max Capacity: 8G
 Pre-touch: Disabled
 Parallel Workers: 8
 Concurrent Workers: 2
 Concurrent Refinement Workers: 8
 Periodic GC: Disabled
Heap:
 garbage-first heap   total 1724416K, used 640147K [0x0000000600000000, 0x0000000800000000)
  region size 4096K, 5 young (20480K), 5 survivors (20480K)
 Metaspace       used 367786K, committed 371392K, reserved 1376256K
  class space    used 45828K, committed 47488K, reserved 1048576K
GC Heap History (20 events):
Event: 1084.198 GC heap after
{Heap after GC invocations=130 (full 0):
 garbage-first heap   total 1597440K, used 524072K [0x0000000600000000, 0x0000000800000000)
  region size 4096K, 2 young (8192K), 2 survivors (8192K)
 Metaspace       used 348251K, committed 351232K, reserved 1376256K
  class space    used 43743K, committed 45120K, reserved 1048576K
}
Event: 1089.763 GC heap before
{Heap before GC invocations=130 (full 0):
 garbage-first heap   total 1597440K, used 1322792K [0x0000000600000000, 0x0000000800000000)
  region size 4096K, 198 young (811008K), 2 survivors (8192K)
 Metaspace       used 350729K, committed 354048K, reserved 1376256K
  class space    used 44138K, committed 45632K, reserved 1048576K
}
Event: 1089.804 GC heap after
{Heap after GC invocations=131 (full 0):
 garbage-first heap   total 1597440K, used 569967K [0x0000000600000000, 0x0000000800000000)
  region size 4096K, 14 young (57344K), 14 survivors (57344K)
 Metaspace       used 350729K, committed 354048K, reserved 1376256K
  class space    used 44138K, committed 45632K, reserved 1048576K
}
Event: 1147.416 GC heap before
{Heap before GC invocations=132 (full 0):
 garbage-first heap   total 1597440K, used 1307247K [0x0000000600000000, 0x0000000800000000)
  region size 4096K, 194 young (794624K), 14 survivors (57344K)
 Metaspace       used 359182K, committed 362944K, reserved 1376256K
  class space    used 45133K, committed 46784K, reserved 1048576K
}
Event: 1147.577 GC heap after
{Heap after GC invocations=133 (full 0):
 garbage-first heap   total 1597440K, used 643532K [0x0000000600000000, 0x0000000800000000)
  region size 4096K, 25 young (102400K), 25 survivors (102400K)
 Metaspace       used 359182K, committed 362944K, reserved 1376256K
  class space    used 45133K, committed 46784K, reserved 1048576K
}
Event: 1147.589 GC heap before
{Heap before GC invocations=133 (full 0):
 garbage-first heap   total 1597440K, used 643532K [0x0000000600000000, 0x0000000800000000)
  region size 4096K, 26 young (106496K), 25 survivors (102400K)
 Metaspace       used 359191K, committed 362944K, reserved 1376256K
  class space    used 45134K, committed 46784K, reserved 1048576K
}
Event: 1147.801 GC heap after
{Heap after GC invocations=134 (full 0):
 garbage-first heap   total 1597440K, used 637950K [0x0000000600000000, 0x0000000800000000)
  region size 4096K, 3 young (12288K), 3 survivors (12288K)
 Metaspace       used 359191K, committed 362944K, reserved 1376256K
  class space    used 45134K, committed 46784K, reserved 1048576K
}
Event: 1151.896 GC heap before
{Heap before GC invocations=134 (full 0):
 garbage-first heap   total 1597440K, used 1276926K [0x0000000600000000, 0x0000000800000000)
  region size 4096K, 160 young (655360K), 3 survivors (12288K)
 Metaspace       used 359657K, committed 363456K, reserved 1376256K
  class space    used 45164K, committed 46848K, reserved 1048576K
}
Event: 1151.908 GC heap after
{Heap after GC invocations=135 (full 0):
 garbage-first heap   total 1597440K, used 647117K [0x0000000600000000, 0x0000000800000000)
  region size 4096K, 6 young (24576K), 6 survivors (24576K)
 Metaspace       used 359657K, committed 363456K, reserved 1376256K
  class space    used 45164K, committed 46848K, reserved 1048576K
}
Event: 1156.746 GC heap before
{Heap before GC invocations=136 (full 0):
 garbage-first heap   total 1597440K, used 1290189K [0x0000000600000000, 0x0000000800000000)
  region size 4096K, 164 young (671744K), 6 survivors (24576K)
 Metaspace       used 358670K, committed 363456K, reserved 1376256K
  class space    used 44878K, committed 46848K, reserved 1048576K
}
Event: 1156.760 GC heap after
{Heap after GC invocations=137 (full 0):
 garbage-first heap   total 1597440K, used 635585K [0x0000000600000000, 0x0000000800000000)
  region size 4096K, 3 young (12288K), 3 survivors (12288K)
 Metaspace       used 358670K, committed 363456K, reserved 1376256K
  class space    used 44878K, committed 46848K, reserved 1048576K
}
Event: 1156.989 GC heap before
{Heap before GC invocations=137 (full 0):
 garbage-first heap   total 1597440K, used 697025K [0x0000000600000000, 0x0000000800000000)
  region size 4096K, 19 young (77824K), 3 survivors (12288K)
 Metaspace       used 358670K, committed 363456K, reserved 1376256K
  class space    used 44878K, committed 46848K, reserved 1048576K
}
Event: 1157.021 GC heap after
{Heap after GC invocations=138 (full 0):
 garbage-first heap   total 1597440K, used 619569K [0x0000000600000000, 0x0000000800000000)
  region size 4096K, 2 young (8192K), 2 survivors (8192K)
 Metaspace       used 358670K, committed 363456K, reserved 1376256K
  class space    used 44878K, committed 46848K, reserved 1048576K
}
Event: 1167.047 GC heap before
{Heap before GC invocations=138 (full 0):
 garbage-first heap   total 1597440K, used 1287217K [0x0000000600000000, 0x0000000800000000)
  region size 4096K, 167 young (684032K), 2 survivors (8192K)
 Metaspace       used 360100K, committed 363840K, reserved 1376256K
  class space    used 45017K, committed 46848K, reserved 1048576K
}
Event: 1167.075 GC heap after
{Heap after GC invocations=139 (full 0):
 garbage-first heap   total 1597440K, used 649152K [0x0000000600000000, 0x0000000800000000)
  region size 4096K, 9 young (36864K), 9 survivors (36864K)
 Metaspace       used 360100K, committed 363840K, reserved 1376256K
  class space    used 45017K, committed 46848K, reserved 1048576K
}
Event: 1174.025 GC heap before
{Heap before GC invocations=140 (full 0):
 garbage-first heap   total 1597440K, used 1324992K [0x0000000600000000, 0x0000000800000000)
  region size 4096K, 172 young (704512K), 9 survivors (36864K)
 Metaspace       used 367286K, committed 370880K, reserved 1376256K
  class space    used 45784K, committed 47424K, reserved 1048576K
}
Event: 1174.047 GC heap after
{Heap after GC invocations=141 (full 0):
 garbage-first heap   total 1597440K, used 637818K [0x0000000600000000, 0x0000000800000000)
  region size 4096K, 6 young (24576K), 6 survivors (24576K)
 Metaspace       used 367286K, committed 370880K, reserved 1376256K
  class space    used 45784K, committed 47424K, reserved 1048576K
}
Event: 1174.963 GC heap before
{Heap before GC invocations=141 (full 0):
 garbage-first heap   total 1597440K, used 686970K [0x0000000600000000, 0x0000000800000000)
  region size 4096K, 19 young (77824K), 6 survivors (24576K)
 Metaspace       used 367328K, committed 370944K, reserved 1376256K
  class space    used 45785K, committed 47424K, reserved 1048576K
}
Event: 1175.024 GC heap after
{Heap after GC invocations=142 (full 0):
 garbage-first heap   total 1597440K, used 629361K [0x0000000600000000, 0x0000000800000000)
  region size 4096K, 2 young (8192K), 2 survivors (8192K)
 Metaspace       used 367328K, committed 370944K, reserved 1376256K
  class space    used 45785K, committed 47424K, reserved 1048576K
}
Event: 1177.530 GC heap before
{Heap before GC invocations=142 (full 0):
 garbage-first heap   total 1597440K, used 1321585K [0x0000000600000000, 0x0000000800000000)
  region size 4096K, 172 young (704512K), 2 survivors (8192K)
 Metaspace       used 367786K, committed 371392K, reserved 1376256K
  class space    used 45828K, committed 47488K, reserved 1048576K
}

