# JRE version: OpenJDK Runtime Environment Temurin-17.0.17+10 (17.0.17+10) (build 17.0.17+10)
# Java VM: OpenJDK 64-Bit Server VM Temurin-17.0.17+10 (17.0.17+10, mixed mode, sharing, tiered, compressed oops, compressed class ptrs, g1 gc, windows-amd64)
GC Precious Log:
 CPUs: 8 total, 8 available
 Memory: 16088M
 Large Page Support: Disabled
 NUMA Support: Disabled
 Compressed Oops: Enabled (Zero based)
 Heap Region Size: 4M
 Heap Min Capacity: 8M
 Heap Initial Capacity: 252M
 Heap Max Capacity: 8G
 Pre-touch: Disabled
 Parallel Workers: 8
 Concurrent Workers: 2
 Concurrent Refinement Workers: 8
 Periodic GC: Disabled
Heap:
 garbage-first heap   total 1605632K, used 717118K [0x0000000600000000, 0x0000000800000000)
  region size 4096K, 20 young (81920K), 1 survivors (4096K)
 Metaspace       used 224567K, committed 227008K, reserved 1310720K
  class space    used 28862K, committed 30016K, reserved 1048576K
GC Heap History (20 events):
Event: 367.801 GC heap before
{Heap before GC invocations=180 (full 0):
 garbage-first heap   total 1540096K, used 1329964K [0x0000000600000000, 0x0000000800000000)
  region size 4096K, 65 young (266240K), 11 survivors (45056K)
 Metaspace       used 175798K, committed 178176K, reserved 1245184K
  class space    used 22958K, committed 24064K, reserved 1048576K
}
Event: 367.828 GC heap after
{Heap after GC invocations=181 (full 0):
 garbage-first heap   total 1540096K, used 1035438K [0x0000000600000000, 0x0000000800000000)
  region size 4096K, 1 young (4096K), 1 survivors (4096K)
 Metaspace       used 175798K, committed 178176K, reserved 1245184K
  class space    used 22958K, committed 24064K, reserved 1048576K
}
Event: 370.394 GC heap before
{Heap before GC invocations=181 (full 0):
 garbage-first heap   total 1540096K, used 1285294K [0x0000000600000000, 0x0000000800000000)
  region size 4096K, 63 young (258048K), 1 survivors (4096K)
 Metaspace       used 177443K, committed 179840K, reserved 1245184K
  class space    used 23149K, committed 24256K, reserved 1048576K
}
Event: 370.408 GC heap after
{Heap after GC invocations=182 (full 0):
 garbage-first heap   total 1540096K, used 1050903K [0x0000000600000000, 0x0000000800000000)
  region size 4096K, 5 young (20480K), 5 survivors (20480K)
 Metaspace       used 177443K, committed 179840K, reserved 1245184K
  class space    used 23149K, committed 24256K, reserved 1048576K
}
Event: 374.303 GC heap before
{Heap before GC invocations=182 (full 0):
 garbage-first heap   total 1540096K, used 1296663K [0x0000000600000000, 0x0000000800000000)
  region size 4096K, 65 young (266240K), 5 survivors (20480K)
 Metaspace       used 177654K, committed 180032K, reserved 1245184K
  class space    used 23163K, committed 24256K, reserved 1048576K
}
Event: 374.323 GC heap after
{Heap after GC invocations=183 (full 0):
 garbage-first heap   total 1540096K, used 1062528K [0x0000000600000000, 0x0000000800000000)
  region size 4096K, 7 young (28672K), 7 survivors (28672K)
 Metaspace       used 177654K, committed 180032K, reserved 1245184K
  class space    used 23163K, committed 24256K, reserved 1048576K
}
Event: 389.253 GC heap before
{Heap before GC invocations=183 (full 0):
 garbage-first heap   total 1540096K, used 1300096K [0x0000000600000000, 0x0000000800000000)
  region size 4096K, 66 young (270336K), 7 survivors (28672K)
 Metaspace       used 178424K, committed 180864K, reserved 1245184K
  class space    used 23248K, committed 24384K, reserved 1048576K
}
Event: 389.263 GC heap after
{Heap after GC invocations=184 (full 0):
 garbage-first heap   total 1540096K, used 1043143K [0x0000000600000000, 0x0000000800000000)
  region size 4096K, 1 young (4096K), 1 survivors (4096K)
 Metaspace       used 178424K, committed 180864K, reserved 1245184K
  class space    used 23248K, committed 24384K, reserved 1048576K
}
Event: 404.160 GC heap before
{Heap before GC invocations=184 (full 0):
 garbage-first heap   total 1540096K, used 1321671K [0x0000000600000000, 0x0000000800000000)
  region size 4096K, 68 young (278528K), 1 survivors (4096K)
 Metaspace       used 191750K, committed 194304K, reserved 1245184K
  class space    used 24565K, committed 25728K, reserved 1048576K
}
Event: 404.178 GC heap after
{Heap after GC invocations=185 (full 0):
 garbage-first heap   total 1540096K, used 1066025K [0x0000000600000000, 0x0000000800000000)
  region size 4096K, 5 young (20480K), 5 survivors (20480K)
 Metaspace       used 191750K, committed 194304K, reserved 1245184K
  class space    used 24565K, committed 25728K, reserved 1048576K
}
Event: 425.799 GC heap before
{Heap before GC invocations=185 (full 0):
 garbage-first heap   total 1540096K, used 1385513K [0x0000000600000000, 0x0000000800000000)
  region size 4096K, 63 young (258048K), 5 survivors (20480K)
 Metaspace       used 222197K, committed 224768K, reserved 1245184K
  class space    used 28500K, committed 29696K, reserved 1048576K
}
Event: 425.829 GC heap after
{Heap after GC invocations=186 (full 0):
 garbage-first heap   total 1540096K, used 1171428K [0x0000000600000000, 0x0000000800000000)
  region size 4096K, 9 young (36864K), 9 survivors (36864K)
 Metaspace       used 222197K, committed 224768K, reserved 1245184K
  class space    used 28500K, committed 29696K, reserved 1048576K
}
Event: 425.977 GC heap before
{Heap before GC invocations=186 (full 0):
 garbage-first heap   total 1540096K, used 1245156K [0x0000000600000000, 0x0000000800000000)
  region size 4096K, 10 young (40960K), 9 survivors (36864K)
 Metaspace       used 222197K, committed 224768K, reserved 1245184K
  class space    used 28500K, committed 29696K, reserved 1048576K
}
Event: 426.004 GC heap after
{Heap after GC invocations=187 (full 0):
 garbage-first heap   total 1540096K, used 1248447K [0x0000000600000000, 0x0000000800000000)
  region size 4096K, 1 young (4096K), 1 survivors (4096K)
 Metaspace       used 222197K, committed 224768K, reserved 1245184K
  class space    used 28500K, committed 29696K, reserved 1048576K
}
Event: 430.196 GC heap before
{Heap before GC invocations=188 (full 0):
 garbage-first heap   total 1605632K, used 1060031K [0x0000000600000000, 0x0000000800000000)
  region size 4096K, 27 young (110592K), 1 survivors (4096K)
 Metaspace       used 220041K, committed 223616K, reserved 1245184K
  class space    used 28358K, committed 29696K, reserved 1048576K
}
Event: 430.201 GC heap after
{Heap after GC invocations=189 (full 0):
 garbage-first heap   total 1605632K, used 932031K [0x0000000600000000, 0x0000000800000000)
  region size 4096K, 4 young (16384K), 4 survivors (16384K)
 Metaspace       used 220041K, committed 223616K, reserved 1245184K
  class space    used 28358K, committed 29696K, reserved 1048576K
}
Event: 435.287 GC heap before
{Heap before GC invocations=189 (full 0):
 garbage-first heap   total 1605632K, used 989375K [0x0000000600000000, 0x0000000800000000)
  region size 4096K, 19 young (77824K), 4 survivors (16384K)
 Metaspace       used 220041K, committed 223616K, reserved 1245184K
  class space    used 28358K, committed 29696K, reserved 1048576K
}
Event: 435.292 GC heap after
{Heap after GC invocations=190 (full 0):
 garbage-first heap   total 1605632K, used 768115K [0x0000000600000000, 0x0000000800000000)
  region size 4096K, 3 young (12288K), 3 survivors (12288K)
 Metaspace       used 220041K, committed 223616K, reserved 1245184K
  class space    used 28358K, committed 29696K, reserved 1048576K
}
Event: 437.247 GC heap before
{Heap before GC invocations=190 (full 0):
 garbage-first heap   total 1605632K, used 829555K [0x0000000600000000, 0x0000000800000000)
  region size 4096K, 19 young (77824K), 3 survivors (12288K)
 Metaspace       used 221377K, committed 223808K, reserved 1245184K
  class space    used 28516K, committed 29696K, reserved 1048576K
}
Event: 437.257 GC heap after
{Heap after GC invocations=191 (full 0):
 garbage-first heap   total 1605632K, used 643390K [0x0000000600000000, 0x0000000800000000)
  region size 4096K, 1 young (4096K), 1 survivors (4096K)
 Metaspace       used 221377K, committed 223808K, reserved 1245184K
  class space    used 28516K, committed 29696K, reserved 1048576K
}

